[2022-05-30 13:01:44.349] [main] [info] update#setState idle
[2022-05-30 13:01:44.422] [main] [info] window#load: attempt to load window (id: 1)
[2022-05-30 13:01:44.460] [main] [info] ExtensionHostStarterWorker created
[2022-05-30 13:01:45.276] [main] [info] window#load: window reported ready (id: 1)
[2022-05-30 13:01:45.551] [main] [info] Starting extension host with pid 6248 (fork() took 10 ms).
[2022-05-30 13:01:45.551] [main] [info] ExtensionHostStarterWorker.start() took 12 ms.
[2022-05-30 13:02:14.363] [main] [info] update#setState checking for updates
[2022-05-30 13:02:14.365] [main] [info] update#setState idle
[2022-05-30 14:02:15.282] [main] [info] update#setState checking for updates
[2022-05-30 14:02:15.294] [main] [info] update#setState idle
[2022-05-30 15:02:15.314] [main] [info] update#setState checking for updates
[2022-05-30 15:02:15.318] [main] [info] update#setState idle
[2022-05-30 16:02:15.316] [main] [info] update#setState checking for updates
[2022-05-30 16:02:15.322] [main] [info] update#setState idle
[2022-05-30 17:02:15.328] [main] [info] update#setState checking for updates
[2022-05-30 17:02:15.335] [main] [info] update#setState idle
[2022-05-30 18:02:15.377] [main] [info] update#setState checking for updates
[2022-05-30 18:02:15.382] [main] [info] update#setState idle
[2022-05-30 18:45:53.721] [main] [info] Waiting for extension host with pid 6248 to exit.
[2022-05-30 18:45:54.762] [main] [info] Extension host with pid 6248 exited with code: 0, signal: null.
