[2022-06-01T16:28:52.917Z] Validating found git in: git
[2022-06-01T16:28:52.986Z] Using git 2.25.1 from git
[2022-06-01T16:28:53.147Z] > git rev-parse --show-toplevel [140ms]
[2022-06-01T16:28:53.186Z] > git rev-parse --git-dir --git-common-dir [24ms]
[2022-06-01T16:28:53.188Z] Open repository: /home/ever/Desktop/dev/apps/inwork
[2022-06-01T16:28:53.328Z] > git status -z -uall [125ms]
[2022-06-01T16:28:53.360Z] > git symbolic-ref --short HEAD [8ms]
[2022-06-01T16:28:53.389Z] > git for-each-ref --format=%(refname)%00%(upstream:short)%00%(objectname)%00%(upstream:track)%00%(upstream:remotename)%00%(upstream:remoteref) refs/heads/master refs/remotes/master [7ms]
[2022-06-01T16:28:53.430Z] > git for-each-ref --sort -committerdate --format %(refname) %(objectname) %(*objectname) [21ms]
[2022-06-01T16:28:53.435Z] > git remote --verbose [13ms]
[2022-06-01T16:28:53.500Z] > git config --get commit.template [4ms]
[2022-06-01T16:28:54.365Z] > git check-ignore -v -z --stdin [23ms]
[2022-06-01T16:28:54.481Z] > git show --textconv :clientside/src/account/account.js [41ms]
[2022-06-01T16:28:54.481Z] > git show --textconv :clientside/src/account/accountComponents.js [25ms]
[2022-06-01T16:28:54.481Z] > git ls-files --stage -- /home/ever/Desktop/dev/apps/inwork/clientside/src/account/account.js [14ms]
[2022-06-01T16:28:54.484Z] > git ls-files --stage -- /home/ever/Desktop/dev/apps/inwork/clientside/src/account/accountComponents.js [6ms]
[2022-06-01T16:58:55.884Z] > git ls-files --stage -- /home/ever/Desktop/dev/apps/inwork/clientside/src/signin/signin.js [2ms]
[2022-06-01T16:58:55.897Z] > git show --textconv :clientside/src/signin/signin.js [25ms]
[2022-06-01T16:58:55.899Z] > git cat-file -s ef15013b2443c8c506bf42b885d82ef8b6837a18 [3ms]
[2022-06-01T16:59:05.479Z] > git show --textconv :clientside/src/account/accountComponents.js [10ms]
[2022-06-01T16:59:05.480Z] > git ls-files --stage -- /home/ever/Desktop/dev/apps/inwork/clientside/src/account/accountComponents.js [1ms]
[2022-06-01T16:59:09.739Z] > git show --textconv :clientside/src/signup/signup.js [10ms]
[2022-06-01T16:59:09.740Z] > git ls-files --stage -- /home/ever/Desktop/dev/apps/inwork/clientside/src/signup/signup.js [1ms]
[2022-06-01T16:59:09.752Z] > git cat-file -s 395cbea8cc5ef6875083756624a4314109f50217 [2ms]
[2022-06-01T16:59:21.509Z] > git show --textconv :clientside/src/account/accountComponents.js [11ms]
[2022-06-01T16:59:21.510Z] > git ls-files --stage -- /home/ever/Desktop/dev/apps/inwork/clientside/src/account/accountComponents.js [1ms]
[2022-06-01T18:39:49.367Z] > git ls-files --stage -- /home/ever/Desktop/dev/apps/inwork/clientside/App.js [2ms]
[2022-06-01T18:39:49.388Z] > git show --textconv :clientside/App.js [35ms]
[2022-06-01T18:39:49.390Z] > git cat-file -s de80329aa77395dca2afa1c3ca6f4dc368f7865a [3ms]
[2022-06-01T18:39:49.791Z] > git check-ignore -v -z --stdin [1ms]
