[2022-06-02 15:35:15.047] [exthost] [info] Extension host with pid 52489 started
[2022-06-02 15:35:15.047] [exthost] [info] Skipping acquiring lock for /home/ever/.config/Code/User/workspaceStorage/5f4eef60da1eab5e1ad46a7fa6a90b6c.
[2022-06-02 15:35:15.230] [exthost] [info] ExtensionService#_doActivateExtension capaj.vscode-exports-autocomplete, startup: false, activationEvent: 'onLanguage:javascript'
[2022-06-02 15:35:15.657] [exthost] [info] ExtensionService#_doActivateExtension christian-kohler.npm-intellisense, startup: false, activationEvent: 'onLanguage:javascript'
[2022-06-02 15:35:15.687] [exthost] [info] ExtensionService#_doActivateExtension dsznajder.es7-react-js-snippets, startup: false, activationEvent: 'onLanguage:javascript'
[2022-06-02 15:35:16.441] [exthost] [info] ExtensionService#_doActivateExtension leizongmin.node-module-intellisense, startup: false, activationEvent: 'onLanguage:javascript'
[2022-06-02 15:35:16.444] [exthost] [info] ExtensionService#_doActivateExtension NuclleaR.vscode-extension-auto-import, startup: false, activationEvent: 'onLanguage:javascript'
[2022-06-02 15:35:16.460] [exthost] [info] ExtensionService#_doActivateExtension OfHumanBondage.react-proptypes-intellisense, startup: false, activationEvent: 'onLanguage:javascript'
[2022-06-02 15:35:16.690] [exthost] [info] ExtensionService#_doActivateExtension vscode.microsoft-authentication, startup: false, activationEvent: 'onAuthenticationRequest:microsoft'
[2022-06-02 15:35:16.705] [exthost] [info] ExtensionService#_doActivateExtension vscode.debug-auto-launch, startup: true, activationEvent: '*'
[2022-06-02 15:35:16.706] [exthost] [info] ExtensionService#_doActivateExtension vscode.git-base, startup: true, activationEvent: '*', root cause: vscode.git
[2022-06-02 15:35:16.708] [exthost] [info] ExtensionService#_doActivateExtension vscode.ipynb, startup: true, activationEvent: '*'
[2022-06-02 15:35:16.711] [exthost] [info] ExtensionService#_doActivateExtension AiryShift.spaces-inside-braces, startup: true, activationEvent: '*'
[2022-06-02 15:35:16.713] [exthost] [info] ExtensionService#_doActivateExtension christian-kohler.path-intellisense, startup: true, activationEvent: '*'
[2022-06-02 15:35:16.726] [exthost] [info] ExtensionService#_doActivateExtension formulahendry.auto-close-tag, startup: true, activationEvent: '*'
[2022-06-02 15:35:16.727] [exthost] [info] ExtensionService#_doActivateExtension formulahendry.auto-rename-tag, startup: true, activationEvent: '*'
[2022-06-02 15:35:16.735] [exthost] [info] ExtensionService#_doActivateExtension naumovs.color-highlight, startup: true, activationEvent: '*'
[2022-06-02 15:35:16.739] [exthost] [info] ExtensionService#_doActivateExtension nowsci.glassit-linux, startup: true, activationEvent: '*'
[2022-06-02 15:35:16.740] [exthost] [info] ExtensionService#_doActivateExtension sporiley.css-auto-prefix, startup: true, activationEvent: '*'
[2022-06-02 15:35:16.741] [exthost] [info] ExtensionService#_doActivateExtension TabNine.tabnine-vscode, startup: true, activationEvent: '*'
[2022-06-02 15:35:16.753] [exthost] [info] ExtensionService#_doActivateExtension vscodevim.vim, startup: true, activationEvent: '*'
[2022-06-02 15:35:16.786] [exthost] [info] ExtensionService#_doActivateExtension wayou.vscode-todo-highlight, startup: true, activationEvent: '*'
[2022-06-02 15:35:16.802] [exthost] [info] ExtensionService#_doActivateExtension Zignd.html-css-class-completion, startup: true, activationEvent: '*'
[2022-06-02 15:35:16.848] [exthost] [info] ExtensionService#_doActivateExtension vscode.npm, startup: true, activationEvent: 'workspaceContains:package.json'
[2022-06-02 15:35:17.020] [exthost] [info] ExtensionService#_doActivateExtension vscode.git, startup: true, activationEvent: '*'
[2022-06-02 15:35:17.065] [exthost] [info] ExtensionService#_doActivateExtension vscode.github, startup: true, activationEvent: '*'
[2022-06-02 15:35:17.092] [exthost] [info] ExtensionService#_doActivateExtension vscode.configuration-editing, startup: false, activationEvent: 'onLanguage:jsonc'
[2022-06-02 15:35:17.099] [exthost] [info] ExtensionService#_doActivateExtension vscode.json-language-features, startup: false, activationEvent: 'onLanguage:jsonc'
[2022-06-02 15:35:17.464] [exthost] [info] ExtensionService#_doActivateExtension vscode.github-authentication, startup: false, activationEvent: 'onAuthenticationRequest:github'
[2022-06-02 15:35:17.719] [exthost] [info] Eager extensions activated
[2022-06-02 15:35:17.743] [exthost] [info] ExtensionService#_doActivateExtension vscode.emmet, startup: false, activationEvent: 'onStartupFinished'
[2022-06-02 15:35:17.760] [exthost] [info] ExtensionService#_doActivateExtension vscode.merge-conflict, startup: false, activationEvent: 'onStartupFinished'
[2022-06-02 15:35:17.766] [exthost] [info] ExtensionService#_doActivateExtension dbaeumer.vscode-eslint, startup: false, activationEvent: 'onStartupFinished'
[2022-06-02 15:35:17.779] [exthost] [info] ExtensionService#_doActivateExtension equinusocio.vsc-material-theme-icons, startup: false, activationEvent: 'onStartupFinished'
[2022-06-02 15:35:17.831] [exthost] [info] ExtensionService#_doActivateExtension esbenp.prettier-vscode, startup: false, activationEvent: 'onStartupFinished'
[2022-06-02 15:35:22.460] [exthost] [info] Extension host terminating: renderer closed the socket
[2022-06-02 15:35:22.762] [exthost] [info] Extension host with pid 52489 exiting with code 0
