[2022-05-30T17:01:47.938Z] Validating found git in: git
[2022-05-30T17:01:48.113Z] Using git 2.25.1 from git
[2022-05-30T17:01:48.151Z] > git rev-parse --show-toplevel [24ms]
[2022-05-30T17:01:48.339Z] > git rev-parse --git-dir --git-common-dir [168ms]
[2022-05-30T17:01:48.343Z] Open repository: /home/ever/Desktop/dev/apps/support-decisions
[2022-05-30T17:01:48.395Z] > git status -z -uall [34ms]
[2022-05-30T17:01:48.449Z] > git symbolic-ref --short HEAD [40ms]
[2022-05-30T17:01:48.467Z] > git for-each-ref --format=%(refname)%00%(upstream:short)%00%(objectname)%00%(upstream:track)%00%(upstream:remotename)%00%(upstream:remoteref) refs/heads/master refs/remotes/master [3ms]
[2022-05-30T17:01:48.493Z] > git for-each-ref --sort -committerdate --format %(refname) %(objectname) %(*objectname) [12ms]
[2022-05-30T17:01:48.494Z] > git remote --verbose [2ms]
[2022-05-30T17:01:48.509Z] > git config --get commit.template [3ms]
[2022-05-30T17:01:48.954Z] > git show --textconv :resources/dashboard/dashboard.js [29ms]
[2022-05-30T17:01:48.954Z] > git show --textconv :stack.js [19ms]
[2022-05-30T17:01:48.954Z] > git ls-files --stage -- /home/ever/Desktop/dev/apps/support-decisions/resources/dashboard/dashboard.js [10ms]
[2022-05-30T17:01:48.955Z] > git ls-files --stage -- /home/ever/Desktop/dev/apps/support-decisions/stack.js [2ms]
[2022-05-30T17:01:48.977Z] > git check-ignore -v -z --stdin [1ms]
[2022-05-30T17:02:58.637Z] > git show --textconv :resources/decisions/decisions.js [8ms]
[2022-05-30T17:02:58.638Z] > git ls-files --stage -- /home/ever/Desktop/dev/apps/support-decisions/resources/decisions/decisions.js [2ms]
[2022-05-30T17:03:06.340Z] > git show --textconv :AppComponents.js [8ms]
[2022-05-30T17:03:06.341Z] > git ls-files --stage -- /home/ever/Desktop/dev/apps/support-decisions/AppComponents.js [2ms]
[2022-05-30T17:09:39.810Z] > git show --textconv :resources/dashboard/dashboard.js [9ms]
[2022-05-30T17:09:39.813Z] > git ls-files --stage -- /home/ever/Desktop/dev/apps/support-decisions/resources/dashboard/dashboard.js [4ms]
[2022-05-30T17:31:16.649Z] > git show --textconv :App.js [8ms]
[2022-05-30T17:31:16.652Z] > git ls-files --stage -- /home/ever/Desktop/dev/apps/support-decisions/App.js [4ms]
[2022-05-30T17:31:16.661Z] > git cat-file -s 09f879b827723c4435efb850d1508024272bd2fd [1ms]
[2022-05-30T17:34:30.022Z] > git show --textconv :stack.js [8ms]
[2022-05-30T17:34:30.023Z] > git ls-files --stage -- /home/ever/Desktop/dev/apps/support-decisions/stack.js [2ms]
[2022-05-30T17:34:30.733Z] > git show --textconv :app.json [12ms]
[2022-05-30T17:34:30.734Z] > git ls-files --stage -- /home/ever/Desktop/dev/apps/support-decisions/app.json [2ms]
[2022-05-30T17:34:30.742Z] > git cat-file -s 585ffbec9008d5dc4949080a83f494a3b15ac632 [0ms]
[2022-05-30T17:34:31.289Z] > git show --textconv :AppComponents.js [9ms]
[2022-05-30T17:34:31.289Z] > git ls-files --stage -- /home/ever/Desktop/dev/apps/support-decisions/AppComponents.js [1ms]
[2022-05-30T17:34:31.728Z] > git show --textconv :App.js [7ms]
[2022-05-30T17:34:31.728Z] > git ls-files --stage -- /home/ever/Desktop/dev/apps/support-decisions/App.js [1ms]
[2022-05-30T17:34:31.736Z] > git cat-file -s 09f879b827723c4435efb850d1508024272bd2fd [0ms]
[2022-05-30T17:34:32.453Z] > git show --textconv :stack.js [7ms]
[2022-05-30T17:34:32.453Z] > git ls-files --stage -- /home/ever/Desktop/dev/apps/support-decisions/stack.js [1ms]
[2022-05-30T17:34:33.363Z] > git show --textconv :App.js [8ms]
[2022-05-30T17:34:33.363Z] > git ls-files --stage -- /home/ever/Desktop/dev/apps/support-decisions/App.js [1ms]
[2022-05-30T17:34:33.373Z] > git cat-file -s 09f879b827723c4435efb850d1508024272bd2fd [1ms]
[2022-05-30T17:34:33.725Z] > git show --textconv :app.json [9ms]
[2022-05-30T17:34:33.725Z] > git ls-files --stage -- /home/ever/Desktop/dev/apps/support-decisions/app.json [1ms]
[2022-05-30T17:34:33.734Z] > git cat-file -s 585ffbec9008d5dc4949080a83f494a3b15ac632 [1ms]
[2022-05-30T17:34:34.699Z] > git show --textconv :App.js [7ms]
[2022-05-30T17:34:34.700Z] > git ls-files --stage -- /home/ever/Desktop/dev/apps/support-decisions/App.js [1ms]
[2022-05-30T17:34:34.707Z] > git cat-file -s 09f879b827723c4435efb850d1508024272bd2fd [1ms]
[2022-05-30T17:34:36.218Z] > git show --textconv :AppComponents.js [8ms]
[2022-05-30T17:34:36.219Z] > git ls-files --stage -- /home/ever/Desktop/dev/apps/support-decisions/AppComponents.js [1ms]
[2022-05-30T17:34:38.587Z] > git show --textconv :stack.js [8ms]
[2022-05-30T17:34:38.588Z] > git ls-files --stage -- /home/ever/Desktop/dev/apps/support-decisions/stack.js [2ms]
[2022-05-30T17:44:21.948Z] > git show --textconv :app.json [10ms]
[2022-05-30T17:44:21.949Z] > git ls-files --stage -- /home/ever/Desktop/dev/apps/support-decisions/app.json [1ms]
[2022-05-30T17:44:21.957Z] > git cat-file -s 585ffbec9008d5dc4949080a83f494a3b15ac632 [1ms]
[2022-05-30T17:45:32.755Z] > git show --textconv :stack.js [9ms]
[2022-05-30T17:45:32.756Z] > git ls-files --stage -- /home/ever/Desktop/dev/apps/support-decisions/stack.js [2ms]
[2022-05-30T17:45:33.556Z] > git show --textconv :AppComponents.js [9ms]
[2022-05-30T17:45:33.556Z] > git ls-files --stage -- /home/ever/Desktop/dev/apps/support-decisions/AppComponents.js [1ms]
[2022-05-30T17:45:36.027Z] > git show --textconv :App.js [8ms]
[2022-05-30T17:45:36.028Z] > git ls-files --stage -- /home/ever/Desktop/dev/apps/support-decisions/App.js [2ms]
[2022-05-30T17:45:36.037Z] > git cat-file -s 09f879b827723c4435efb850d1508024272bd2fd [1ms]
[2022-05-30T17:45:37.060Z] > git show --textconv :resources/dashboard/dashboard.js [7ms]
[2022-05-30T17:45:37.060Z] > git ls-files --stage -- /home/ever/Desktop/dev/apps/support-decisions/resources/dashboard/dashboard.js [1ms]
[2022-05-30T17:45:37.844Z] > git show --textconv :resources/decisions/decisions.js [8ms]
[2022-05-30T17:45:37.845Z] > git ls-files --stage -- /home/ever/Desktop/dev/apps/support-decisions/resources/decisions/decisions.js [1ms]
[2022-05-30T17:45:38.913Z] > git show --textconv :resources/dashboard/dashboard.js [7ms]
[2022-05-30T17:45:38.914Z] > git ls-files --stage -- /home/ever/Desktop/dev/apps/support-decisions/resources/dashboard/dashboard.js [1ms]
[2022-05-30T18:18:08.911Z] > git show --textconv :resources/decisions/decisions.js [9ms]
[2022-05-30T18:18:08.912Z] > git ls-files --stage -- /home/ever/Desktop/dev/apps/support-decisions/resources/decisions/decisions.js [2ms]
[2022-05-30T18:19:16.509Z] > git show --textconv :resources/dashboard/dashboard.js [8ms]
[2022-05-30T18:19:16.511Z] > git ls-files --stage -- /home/ever/Desktop/dev/apps/support-decisions/resources/dashboard/dashboard.js [2ms]
[2022-05-30T18:19:30.295Z] > git show --textconv :resources/decisions/decisions.js [6ms]
[2022-05-30T18:19:30.296Z] > git ls-files --stage -- /home/ever/Desktop/dev/apps/support-decisions/resources/decisions/decisions.js [2ms]
[2022-05-30T18:20:00.474Z] > git show --textconv :resources/dashboard/dashboard.js [9ms]
[2022-05-30T18:20:00.475Z] > git ls-files --stage -- /home/ever/Desktop/dev/apps/support-decisions/resources/dashboard/dashboard.js [1ms]
[2022-05-30T18:20:38.722Z] > git show --textconv :resources/decisions/decisions.js [6ms]
[2022-05-30T18:20:38.724Z] > git ls-files --stage -- /home/ever/Desktop/dev/apps/support-decisions/resources/decisions/decisions.js [2ms]
[2022-05-30T18:21:03.229Z] > git show --textconv :resources/dashboard/dashboard.js [9ms]
[2022-05-30T18:21:03.230Z] > git ls-files --stage -- /home/ever/Desktop/dev/apps/support-decisions/resources/dashboard/dashboard.js [2ms]
[2022-05-30T18:21:29.099Z] > git show --textconv :resources/decisions/decisions.js [9ms]
[2022-05-30T18:21:29.100Z] > git ls-files --stage -- /home/ever/Desktop/dev/apps/support-decisions/resources/decisions/decisions.js [1ms]
[2022-05-30T18:27:32.787Z] > git show --textconv :resources/dashboard/dashboard.js [8ms]
[2022-05-30T18:27:32.788Z] > git ls-files --stage -- /home/ever/Desktop/dev/apps/support-decisions/resources/dashboard/dashboard.js [2ms]
[2022-05-30T18:27:40.209Z] > git show --textconv :resources/decisions/decisions.js [8ms]
[2022-05-30T18:27:40.210Z] > git ls-files --stage -- /home/ever/Desktop/dev/apps/support-decisions/resources/decisions/decisions.js [2ms]
[2022-05-30T18:27:46.986Z] > git show --textconv :resources/dashboard/dashboard.js [7ms]
[2022-05-30T18:27:46.987Z] > git ls-files --stage -- /home/ever/Desktop/dev/apps/support-decisions/resources/dashboard/dashboard.js [1ms]
[2022-05-30T18:28:52.660Z] > git show --textconv :resources/decisions/decisions.js [9ms]
[2022-05-30T18:28:52.661Z] > git ls-files --stage -- /home/ever/Desktop/dev/apps/support-decisions/resources/decisions/decisions.js [2ms]
[2022-05-30T18:29:38.598Z] > git show --textconv :resources/dashboard/dashboard.js [8ms]
[2022-05-30T18:29:38.598Z] > git ls-files --stage -- /home/ever/Desktop/dev/apps/support-decisions/resources/dashboard/dashboard.js [1ms]
[2022-05-30T18:31:38.480Z] > git show --textconv :App.js [7ms]
[2022-05-30T18:31:38.481Z] > git ls-files --stage -- /home/ever/Desktop/dev/apps/support-decisions/App.js [2ms]
[2022-05-30T18:31:38.489Z] > git cat-file -s 09f879b827723c4435efb850d1508024272bd2fd [1ms]
[2022-05-30T18:31:44.912Z] > git show --textconv :AppComponents.js [10ms]
[2022-05-30T18:31:44.913Z] > git ls-files --stage -- /home/ever/Desktop/dev/apps/support-decisions/AppComponents.js [2ms]
[2022-05-30T18:31:46.811Z] > git show --textconv :stack.js [7ms]
[2022-05-30T18:31:46.811Z] > git ls-files --stage -- /home/ever/Desktop/dev/apps/support-decisions/stack.js [1ms]
[2022-05-30T18:35:07.053Z] > git show --textconv :resources/decisions/decisions.js [9ms]
[2022-05-30T18:35:07.054Z] > git ls-files --stage -- /home/ever/Desktop/dev/apps/support-decisions/resources/decisions/decisions.js [2ms]
[2022-05-30T18:38:35.650Z] > git show --textconv :AppComponents.js [7ms]
[2022-05-30T18:38:35.651Z] > git ls-files --stage -- /home/ever/Desktop/dev/apps/support-decisions/AppComponents.js [1ms]
[2022-05-30T18:38:36.261Z] > git show --textconv :stack.js [7ms]
[2022-05-30T18:38:36.261Z] > git ls-files --stage -- /home/ever/Desktop/dev/apps/support-decisions/stack.js [1ms]
[2022-05-30T18:38:40.680Z] > git show --textconv :App.js [12ms]
[2022-05-30T18:38:40.681Z] > git ls-files --stage -- /home/ever/Desktop/dev/apps/support-decisions/App.js [3ms]
[2022-05-30T18:38:40.695Z] > git cat-file -s 09f879b827723c4435efb850d1508024272bd2fd [1ms]
[2022-05-30T18:39:03.496Z] > git show --textconv :resources/dashboard/dashboard.js [10ms]
[2022-05-30T18:39:03.496Z] > git ls-files --stage -- /home/ever/Desktop/dev/apps/support-decisions/resources/dashboard/dashboard.js [1ms]
[2022-05-30T18:39:07.901Z] > git show --textconv :resources/decisions/decisions.js [11ms]
[2022-05-30T18:39:07.901Z] > git ls-files --stage -- /home/ever/Desktop/dev/apps/support-decisions/resources/decisions/decisions.js [1ms]
[2022-05-30T18:40:21.065Z] > git show --textconv :resources/dashboard/dashboard.js [6ms]
[2022-05-30T18:40:21.066Z] > git ls-files --stage -- /home/ever/Desktop/dev/apps/support-decisions/resources/dashboard/dashboard.js [1ms]
[2022-05-30T18:40:23.168Z] > git show --textconv :resources/decisions/decisions.js [7ms]
[2022-05-30T18:40:23.169Z] > git ls-files --stage -- /home/ever/Desktop/dev/apps/support-decisions/resources/decisions/decisions.js [1ms]
[2022-05-30T18:48:11.472Z] > git show --textconv :AppComponents.js [9ms]
[2022-05-30T18:48:11.474Z] > git ls-files --stage -- /home/ever/Desktop/dev/apps/support-decisions/AppComponents.js [3ms]
[2022-05-30T18:48:12.270Z] > git show --textconv :stack.js [8ms]
[2022-05-30T18:48:12.271Z] > git ls-files --stage -- /home/ever/Desktop/dev/apps/support-decisions/stack.js [2ms]
[2022-05-30T18:57:31.657Z] > git ls-files --stage -- /home/ever/Desktop/dev/apps/support-decisions/App.js [0ms]
[2022-05-30T18:57:31.670Z] > git show --textconv :App.js [21ms]
[2022-05-30T18:57:31.670Z] > git cat-file -s 09f879b827723c4435efb850d1508024272bd2fd [1ms]
[2022-05-30T18:58:37.860Z] > git show --textconv :resources/dashboard/dashboard.js [8ms]
[2022-05-30T18:58:37.861Z] > git ls-files --stage -- /home/ever/Desktop/dev/apps/support-decisions/resources/dashboard/dashboard.js [2ms]
[2022-05-30T18:58:40.486Z] > git show --textconv :resources/decisions/decisions.js [7ms]
[2022-05-30T18:58:40.487Z] > git ls-files --stage -- /home/ever/Desktop/dev/apps/support-decisions/resources/decisions/decisions.js [2ms]
[2022-05-30T18:59:14.160Z] > git show --textconv :App.js [9ms]
[2022-05-30T18:59:14.160Z] > git ls-files --stage -- /home/ever/Desktop/dev/apps/support-decisions/App.js [1ms]
[2022-05-30T18:59:14.168Z] > git cat-file -s 09f879b827723c4435efb850d1508024272bd2fd [1ms]
[2022-05-30T18:59:16.281Z] > git show --textconv :resources/dashboard/dashboard.js [8ms]
[2022-05-30T18:59:16.282Z] > git ls-files --stage -- /home/ever/Desktop/dev/apps/support-decisions/resources/dashboard/dashboard.js [2ms]
[2022-05-30T18:59:18.568Z] > git show --textconv :resources/decisions/decisions.js [9ms]
[2022-05-30T18:59:18.568Z] > git ls-files --stage -- /home/ever/Desktop/dev/apps/support-decisions/resources/decisions/decisions.js [0ms]
[2022-05-30T18:59:36.188Z] > git show --textconv :App.js [8ms]
[2022-05-30T18:59:36.189Z] > git ls-files --stage -- /home/ever/Desktop/dev/apps/support-decisions/App.js [2ms]
[2022-05-30T18:59:36.199Z] > git cat-file -s 09f879b827723c4435efb850d1508024272bd2fd [1ms]
[2022-05-30T18:59:36.918Z] > git show --textconv :resources/dashboard/dashboard.js [7ms]
[2022-05-30T18:59:36.918Z] > git ls-files --stage -- /home/ever/Desktop/dev/apps/support-decisions/resources/dashboard/dashboard.js [1ms]
[2022-05-30T18:59:37.860Z] > git show --textconv :App.js [7ms]
[2022-05-30T18:59:37.860Z] > git ls-files --stage -- /home/ever/Desktop/dev/apps/support-decisions/App.js [1ms]
[2022-05-30T18:59:37.868Z] > git cat-file -s 09f879b827723c4435efb850d1508024272bd2fd [1ms]
[2022-05-30T18:59:38.913Z] > git show --textconv :resources/decisions/decisions.js [8ms]
[2022-05-30T18:59:38.914Z] > git ls-files --stage -- /home/ever/Desktop/dev/apps/support-decisions/resources/decisions/decisions.js [1ms]
[2022-05-30T18:59:40.045Z] > git show --textconv :resources/dashboard/dashboard.js [8ms]
[2022-05-30T18:59:40.045Z] > git ls-files --stage -- /home/ever/Desktop/dev/apps/support-decisions/resources/dashboard/dashboard.js [0ms]
[2022-05-30T18:59:45.191Z] > git show --textconv :resources/decisions/decisions.js [10ms]
[2022-05-30T18:59:45.191Z] > git ls-files --stage -- /home/ever/Desktop/dev/apps/support-decisions/resources/decisions/decisions.js [1ms]
[2022-05-30T19:31:04.608Z] > git show --textconv :App.js [10ms]
[2022-05-30T19:31:04.611Z] > git ls-files --stage -- /home/ever/Desktop/dev/apps/support-decisions/App.js [3ms]
[2022-05-30T19:31:04.619Z] > git cat-file -s 09f879b827723c4435efb850d1508024272bd2fd [1ms]
[2022-05-30T19:31:05.248Z] > git show --textconv :AppComponents.js [8ms]
[2022-05-30T19:31:05.248Z] > git ls-files --stage -- /home/ever/Desktop/dev/apps/support-decisions/AppComponents.js [1ms]
[2022-05-30T19:33:24.829Z] > git show --textconv :resources/dashboard/dashboard.js [10ms]
[2022-05-30T19:33:24.829Z] > git ls-files --stage -- /home/ever/Desktop/dev/apps/support-decisions/resources/dashboard/dashboard.js [1ms]
[2022-05-30T19:34:40.991Z] > git show --textconv :resources/decisions/decisions.js [8ms]
[2022-05-30T19:34:40.992Z] > git ls-files --stage -- /home/ever/Desktop/dev/apps/support-decisions/resources/decisions/decisions.js [1ms]
[2022-05-30T20:19:55.192Z] > git show --textconv :resources/dashboard/dashboard.js [8ms]
[2022-05-30T20:19:55.193Z] > git ls-files --stage -- /home/ever/Desktop/dev/apps/support-decisions/resources/dashboard/dashboard.js [2ms]
[2022-05-30T20:49:14.537Z] > git show --textconv :resources/decisions/decisions.js [7ms]
[2022-05-30T20:49:14.538Z] > git ls-files --stage -- /home/ever/Desktop/dev/apps/support-decisions/resources/decisions/decisions.js [2ms]
[2022-05-30T20:52:10.091Z] > git show --textconv :resources/dashboard/dashboard.js [8ms]
[2022-05-30T20:52:10.091Z] > git ls-files --stage -- /home/ever/Desktop/dev/apps/support-decisions/resources/dashboard/dashboard.js [1ms]
[2022-05-30T20:52:14.335Z] > git show --textconv :resources/decisions/decisions.js [7ms]
[2022-05-30T20:52:14.336Z] > git ls-files --stage -- /home/ever/Desktop/dev/apps/support-decisions/resources/decisions/decisions.js [1ms]
[2022-05-30T21:08:58.126Z] > git show --textconv :resources/dashboard/dashboard.js [8ms]
[2022-05-30T21:08:58.128Z] > git ls-files --stage -- /home/ever/Desktop/dev/apps/support-decisions/resources/dashboard/dashboard.js [2ms]
[2022-05-30T21:13:26.751Z] > git show --textconv :resources/decisions/decisions.js [9ms]
[2022-05-30T21:13:26.752Z] > git ls-files --stage -- /home/ever/Desktop/dev/apps/support-decisions/resources/decisions/decisions.js [1ms]
[2022-05-30T21:13:30.667Z] > git show --textconv :resources/dashboard/dashboard.js [9ms]
[2022-05-30T21:13:30.668Z] > git ls-files --stage -- /home/ever/Desktop/dev/apps/support-decisions/resources/dashboard/dashboard.js [2ms]
[2022-05-30T21:13:40.041Z] > git show --textconv :resources/decisions/decisions.js [9ms]
[2022-05-30T21:13:40.041Z] > git ls-files --stage -- /home/ever/Desktop/dev/apps/support-decisions/resources/decisions/decisions.js [1ms]
[2022-05-30T21:29:31.067Z] > git show --textconv :resources/dashboard/dashboard.js [8ms]
[2022-05-30T21:29:31.068Z] > git ls-files --stage -- /home/ever/Desktop/dev/apps/support-decisions/resources/dashboard/dashboard.js [2ms]
[2022-05-30T21:35:39.630Z] > git check-ignore -v -z --stdin [3ms]
[2022-05-30T21:35:54.649Z] > git check-ignore -v -z --stdin [1ms]
[2022-05-30T21:35:57.884Z] > git check-ignore -v -z --stdin [1ms]
[2022-05-30T21:36:05.973Z] > git check-ignore -v -z --stdin [1ms]
[2022-05-30T21:36:12.710Z] > git check-ignore -v -z --stdin [1ms]
[2022-05-30T21:36:19.320Z] > git show --textconv :app.json [14ms]
[2022-05-30T21:36:19.321Z] > git ls-files --stage -- /home/ever/Desktop/dev/apps/support-decisions/app.json [2ms]
[2022-05-30T21:36:19.331Z] > git cat-file -s 585ffbec9008d5dc4949080a83f494a3b15ac632 [1ms]
[2022-05-30T21:44:22.551Z] > git show --textconv :resources/dashboard/dashboard.js [9ms]
[2022-05-30T21:44:22.551Z] > git ls-files --stage -- /home/ever/Desktop/dev/apps/support-decisions/resources/dashboard/dashboard.js [1ms]
[2022-05-30T21:45:05.103Z] > git show --textconv :resources/decisions/decisions.js [7ms]
[2022-05-30T21:45:05.104Z] > git ls-files --stage -- /home/ever/Desktop/dev/apps/support-decisions/resources/decisions/decisions.js [1ms]
[2022-05-30T22:23:12.015Z] > git show --textconv :app.json [10ms]
[2022-05-30T22:23:12.018Z] > git ls-files --stage -- /home/ever/Desktop/dev/apps/support-decisions/app.json [4ms]
[2022-05-30T22:23:12.027Z] > git cat-file -s 585ffbec9008d5dc4949080a83f494a3b15ac632 [1ms]
[2022-05-30T22:23:49.408Z] > git check-ignore -v -z --stdin [3ms]
[2022-05-30T22:23:50.975Z] > git check-ignore -v -z --stdin [0ms]
[2022-05-30T22:29:01.738Z] > git show --textconv :stack.js [7ms]
[2022-05-30T22:29:01.738Z] > git ls-files --stage -- /home/ever/Desktop/dev/apps/support-decisions/stack.js [1ms]
[2022-05-30T22:29:04.671Z] > git show --textconv :package.json [9ms]
[2022-05-30T22:29:04.672Z] > git ls-files --stage -- /home/ever/Desktop/dev/apps/support-decisions/package.json [1ms]
[2022-05-30T22:29:04.682Z] > git cat-file -s cbebd9cb17011c66fef6237aafabab07065b20ad [1ms]
[2022-05-30T22:29:05.915Z] > git ls-files --stage -- /home/ever/Desktop/dev/apps/support-decisions/package-lock.json [1ms]
[2022-05-30T22:29:05.932Z] > git show --textconv :package-lock.json [32ms]
[2022-05-30T22:29:05.933Z] > git cat-file -s d9b638a0ec43e730428f7331383209f46b811a79 [6ms]
[2022-05-30T22:29:13.140Z] > git show --textconv :package.json [14ms]
[2022-05-30T22:29:13.165Z] > git ls-files --stage -- /home/ever/Desktop/dev/apps/support-decisions/package.json [25ms]
[2022-05-30T22:29:13.176Z] > git cat-file -s cbebd9cb17011c66fef6237aafabab07065b20ad [1ms]
[2022-05-30T22:29:14.290Z] > git show --textconv :package-lock.json [12ms]
[2022-05-30T22:29:14.290Z] > git ls-files --stage -- /home/ever/Desktop/dev/apps/support-decisions/package-lock.json [2ms]
[2022-05-30T22:29:14.301Z] > git cat-file -s d9b638a0ec43e730428f7331383209f46b811a79 [1ms]
[2022-05-30T22:29:17.065Z] > git show --textconv :package.json [11ms]
[2022-05-30T22:29:17.065Z] > git ls-files --stage -- /home/ever/Desktop/dev/apps/support-decisions/package.json [1ms]
[2022-05-30T22:29:17.074Z] > git cat-file -s cbebd9cb17011c66fef6237aafabab07065b20ad [1ms]
[2022-05-30T22:29:17.673Z] > git show --textconv :babel.config.js [9ms]
[2022-05-30T22:29:17.673Z] > git ls-files --stage -- /home/ever/Desktop/dev/apps/support-decisions/babel.config.js [1ms]
[2022-05-30T22:29:17.683Z] > git cat-file -s 2900afe9d85a54cf9552ec0b4107665c5c10e078 [1ms]
[2022-05-30T22:29:41.636Z] > git check-ignore -v -z --stdin [1ms]
[2022-05-30T22:36:24.847Z] > git ls-files --stage -- /home/ever/Desktop/dev/apps/support-decisions/AppComponents.js [22ms]
[2022-05-30T22:36:24.848Z] > git ls-files --stage -- /home/ever/Desktop/dev/apps/support-decisions/babel.config.js [2ms]
[2022-05-30T22:36:24.863Z] > git cat-file -s 2900afe9d85a54cf9552ec0b4107665c5c10e078 [4ms]
[2022-05-30T22:36:24.885Z] > git show --textconv :AppComponents.js [9ms]
[2022-05-30T22:36:24.886Z] > git show --textconv :babel.config.js [1ms]
[2022-05-30T22:44:50.462Z] > git show --textconv :resources/dashboard/dashboard.js [9ms]
[2022-05-30T22:44:50.462Z] > git ls-files --stage -- /home/ever/Desktop/dev/apps/support-decisions/resources/dashboard/dashboard.js [1ms]
[2022-05-30T22:44:50.877Z] > git show --textconv :resources/decisions/decisions.js [8ms]
[2022-05-30T22:44:50.877Z] > git ls-files --stage -- /home/ever/Desktop/dev/apps/support-decisions/resources/decisions/decisions.js [1ms]
[2022-05-30T22:44:51.258Z] > git show --textconv :app.json [7ms]
[2022-05-30T22:44:51.259Z] > git ls-files --stage -- /home/ever/Desktop/dev/apps/support-decisions/app.json [1ms]
[2022-05-30T22:44:51.271Z] > git cat-file -s 585ffbec9008d5dc4949080a83f494a3b15ac632 [2ms]
