[2022-05-29 12:55:35.604] [main] [info] update#setState idle
[2022-05-29 12:55:35.677] [main] [info] window#load: attempt to load window (id: 1)
[2022-05-29 12:55:35.713] [main] [info] ExtensionHostStarterWorker created
[2022-05-29 12:55:36.494] [main] [info] window#load: window reported ready (id: 1)
[2022-05-29 12:55:36.704] [main] [info] Starting extension host with pid 3061 (fork() took 10 ms).
[2022-05-29 12:55:36.704] [main] [info] ExtensionHostStarterWorker.start() took 12 ms.
[2022-05-29 12:56:04.614] [main] [info] update#setState checking for updates
[2022-05-29 12:56:04.616] [main] [info] update#setState idle
[2022-05-29 12:57:51.354] [main] [info] window#load: attempt to load window (id: 3)
[2022-05-29 12:57:52.102] [main] [info] window#load: window reported ready (id: 3)
[2022-05-29 12:57:52.292] [main] [info] Starting extension host with pid 4284 (fork() took 9 ms).
[2022-05-29 12:57:52.296] [main] [info] ExtensionHostStarterWorker.start() took 14 ms.
[2022-05-29 13:56:04.624] [main] [info] update#setState checking for updates
[2022-05-29 13:56:04.628] [main] [info] update#setState idle
[2022-05-29 14:56:04.632] [main] [info] update#setState checking for updates
[2022-05-29 14:56:04.634] [main] [info] update#setState idle
[2022-05-29 15:56:04.645] [main] [info] update#setState checking for updates
[2022-05-29 15:56:04.655] [main] [info] update#setState idle
[2022-05-29 16:44:51.019] [main] [info] Extension host with pid 4284 exited with code: 0, signal: null.
[2022-05-29 16:56:04.746] [main] [info] update#setState checking for updates
[2022-05-29 16:56:04.751] [main] [info] update#setState idle
[2022-05-29 17:56:04.835] [main] [info] update#setState checking for updates
[2022-05-29 17:56:04.837] [main] [info] update#setState idle
[2022-05-29 18:03:35.578] [main] [info] Waiting for extension host with pid 3061 to exit.
[2022-05-29 18:03:36.520] [main] [info] Extension host with pid 3061 exited with code: 0, signal: null.
