[2022-05-29T16:55:39.049Z] Validating found git in: git
[2022-05-29T16:55:39.094Z] Using git 2.25.1 from git
[2022-05-29T16:55:39.130Z] > git rev-parse --show-toplevel [27ms]
[2022-05-29T16:55:39.198Z] > git rev-parse --git-dir --git-common-dir [62ms]
[2022-05-29T16:55:39.200Z] Open repository: /home/ever/Desktop/dev/apps/support-decisions
[2022-05-29T16:55:39.212Z] > git status -z -uall [5ms]
[2022-05-29T16:55:39.229Z] > git symbolic-ref --short HEAD [10ms]
[2022-05-29T16:55:39.268Z] > git for-each-ref --format=%(refname)%00%(upstream:short)%00%(objectname)%00%(upstream:track)%00%(upstream:remotename)%00%(upstream:remoteref) refs/heads/master refs/remotes/master [31ms]
[2022-05-29T16:55:39.312Z] > git for-each-ref --sort -committerdate --format %(refname) %(objectname) %(*objectname) [22ms]
[2022-05-29T16:55:39.312Z] > git remote --verbose [9ms]
[2022-05-29T16:55:39.323Z] > git config --get commit.template [0ms]
[2022-05-29T16:55:39.692Z] > git show --textconv :App.js [32ms]
[2022-05-29T16:55:39.692Z] > git show --textconv :app.json [24ms]
[2022-05-29T16:55:39.692Z] > git ls-files --stage -- /home/ever/Desktop/dev/apps/support-decisions/App.js [13ms]
[2022-05-29T16:55:39.703Z] > git cat-file -s 09f879b827723c4435efb850d1508024272bd2fd [2ms]
[2022-05-29T16:55:39.703Z] > git ls-files --stage -- /home/ever/Desktop/dev/apps/support-decisions/app.json [17ms]
[2022-05-29T16:55:39.714Z] > git cat-file -s 585ffbec9008d5dc4949080a83f494a3b15ac632 [2ms]
[2022-05-29T16:55:39.989Z] > git check-ignore -v -z --stdin [1ms]
[2022-05-29T16:58:32.651Z] > git show --textconv :stack.js [9ms]
[2022-05-29T16:58:32.652Z] > git ls-files --stage -- /home/ever/Desktop/dev/apps/support-decisions/stack.js [3ms]
[2022-05-29T16:58:32.997Z] > git check-ignore -v -z --stdin [1ms]
[2022-05-29T17:01:53.951Z] > git check-ignore -v -z --stdin [5ms]
[2022-05-29T17:02:03.558Z] > git check-ignore -v -z --stdin [1ms]
[2022-05-29T17:02:07.186Z] > git show --textconv :resources/decision [7ms]
[2022-05-29T17:02:07.187Z] > git ls-files --stage -- /home/ever/Desktop/dev/apps/support-decisions/resources/decision [1ms]
[2022-05-29T17:02:07.541Z] > git check-ignore -v -z --stdin [1ms]
[2022-05-29T17:02:09.179Z] > git show --textconv :stack.js [9ms]
[2022-05-29T17:02:09.180Z] > git ls-files --stage -- /home/ever/Desktop/dev/apps/support-decisions/stack.js [1ms]
[2022-05-29T17:02:25.008Z] > git check-ignore -v -z --stdin [1ms]
[2022-05-29T17:02:29.847Z] > git show --textconv :resources/dashboard/dashboard.js [6ms]
[2022-05-29T17:02:29.847Z] > git ls-files --stage -- /home/ever/Desktop/dev/apps/support-decisions/resources/dashboard/dashboard.js [1ms]
[2022-05-29T17:02:30.182Z] > git check-ignore -v -z --stdin [1ms]
[2022-05-29T17:02:46.553Z] > git show --textconv :resources/decisions/decisions.js [10ms]
[2022-05-29T17:02:46.554Z] > git ls-files --stage -- /home/ever/Desktop/dev/apps/support-decisions/resources/decisions/decisions.js [2ms]
[2022-05-29T17:02:46.877Z] > git check-ignore -v -z --stdin [1ms]
[2022-05-29T17:02:50.753Z] > git show --textconv :resources/dashboard/dashboard.js [8ms]
[2022-05-29T17:02:50.754Z] > git ls-files --stage -- /home/ever/Desktop/dev/apps/support-decisions/resources/dashboard/dashboard.js [1ms]
[2022-05-29T17:02:51.159Z] > git show --textconv :stack.js [7ms]
[2022-05-29T17:02:51.159Z] > git ls-files --stage -- /home/ever/Desktop/dev/apps/support-decisions/stack.js [1ms]
[2022-05-29T17:02:55.531Z] > git show --textconv :AppComponents.js [7ms]
[2022-05-29T17:02:55.531Z] > git ls-files --stage -- /home/ever/Desktop/dev/apps/support-decisions/AppComponents.js [1ms]
[2022-05-29T17:10:44.802Z] > git show --textconv :App.js [6ms]
[2022-05-29T17:10:44.803Z] > git ls-files --stage -- /home/ever/Desktop/dev/apps/support-decisions/App.js [1ms]
[2022-05-29T17:10:44.810Z] > git cat-file -s 09f879b827723c4435efb850d1508024272bd2fd [1ms]
[2022-05-29T17:10:52.985Z] > git show --textconv :resources/dashboard/dashboard.js [8ms]
[2022-05-29T17:10:52.986Z] > git ls-files --stage -- /home/ever/Desktop/dev/apps/support-decisions/resources/dashboard/dashboard.js [2ms]
[2022-05-29T17:15:39.936Z] > git show --textconv :AppComponents.js [8ms]
[2022-05-29T17:15:39.937Z] > git ls-files --stage -- /home/ever/Desktop/dev/apps/support-decisions/AppComponents.js [1ms]
[2022-05-29T17:15:40.826Z] > git show --textconv :resources/dashboard/dashboard.js [6ms]
[2022-05-29T17:15:40.827Z] > git ls-files --stage -- /home/ever/Desktop/dev/apps/support-decisions/resources/dashboard/dashboard.js [1ms]
[2022-05-29T17:16:10.019Z] > git show --textconv :AppComponents.js [10ms]
[2022-05-29T17:16:10.021Z] > git ls-files --stage -- /home/ever/Desktop/dev/apps/support-decisions/AppComponents.js [3ms]
[2022-05-29T17:16:12.016Z] > git show --textconv :stack.js [8ms]
[2022-05-29T17:16:12.017Z] > git ls-files --stage -- /home/ever/Desktop/dev/apps/support-decisions/stack.js [1ms]
[2022-05-29T17:16:21.986Z] > git show --textconv :resources/decisions/decisions.js [9ms]
[2022-05-29T17:16:21.987Z] > git ls-files --stage -- /home/ever/Desktop/dev/apps/support-decisions/resources/decisions/decisions.js [1ms]
[2022-05-29T17:16:29.256Z] > git show --textconv :resources/dashboard/dashboard.js [7ms]
[2022-05-29T17:16:29.256Z] > git ls-files --stage -- /home/ever/Desktop/dev/apps/support-decisions/resources/dashboard/dashboard.js [1ms]
[2022-05-29T17:17:28.435Z] > git show --textconv :AppComponents.js [7ms]
[2022-05-29T17:17:28.436Z] > git ls-files --stage -- /home/ever/Desktop/dev/apps/support-decisions/AppComponents.js [1ms]
[2022-05-29T17:17:30.515Z] > git show --textconv :resources/dashboard/dashboard.js [9ms]
[2022-05-29T17:17:30.515Z] > git ls-files --stage -- /home/ever/Desktop/dev/apps/support-decisions/resources/dashboard/dashboard.js [1ms]
[2022-05-29T17:17:31.422Z] > git show --textconv :App.js [7ms]
[2022-05-29T17:17:31.423Z] > git ls-files --stage -- /home/ever/Desktop/dev/apps/support-decisions/App.js [2ms]
[2022-05-29T17:17:31.430Z] > git cat-file -s 09f879b827723c4435efb850d1508024272bd2fd [1ms]
[2022-05-29T17:17:32.164Z] > git show --textconv :stack.js [7ms]
[2022-05-29T17:17:32.165Z] > git ls-files --stage -- /home/ever/Desktop/dev/apps/support-decisions/stack.js [1ms]
[2022-05-29T17:17:50.561Z] > git show --textconv :resources/decisions/decisions.js [8ms]
[2022-05-29T17:17:50.561Z] > git ls-files --stage -- /home/ever/Desktop/dev/apps/support-decisions/resources/decisions/decisions.js [1ms]
[2022-05-29T17:17:56.218Z] > git show --textconv :App.js [8ms]
[2022-05-29T17:17:56.218Z] > git ls-files --stage -- /home/ever/Desktop/dev/apps/support-decisions/App.js [1ms]
[2022-05-29T17:17:56.225Z] > git cat-file -s 09f879b827723c4435efb850d1508024272bd2fd [1ms]
[2022-05-29T17:17:57.915Z] > git show --textconv :stack.js [7ms]
[2022-05-29T17:17:57.915Z] > git ls-files --stage -- /home/ever/Desktop/dev/apps/support-decisions/stack.js [1ms]
[2022-05-29T17:24:16.450Z] > git show --textconv :AppComponents.js [8ms]
[2022-05-29T17:24:16.451Z] > git ls-files --stage -- /home/ever/Desktop/dev/apps/support-decisions/AppComponents.js [4ms]
[2022-05-29T17:24:18.542Z] > git show --textconv :App.js [7ms]
[2022-05-29T17:24:18.543Z] > git ls-files --stage -- /home/ever/Desktop/dev/apps/support-decisions/App.js [1ms]
[2022-05-29T17:24:18.550Z] > git cat-file -s 09f879b827723c4435efb850d1508024272bd2fd [1ms]
[2022-05-29T17:24:21.611Z] > git show --textconv :resources/decisions/decisions.js [6ms]
[2022-05-29T17:24:21.611Z] > git ls-files --stage -- /home/ever/Desktop/dev/apps/support-decisions/resources/decisions/decisions.js [1ms]
[2022-05-29T17:24:25.716Z] > git show --textconv :resources/dashboard/dashboard.js [7ms]
[2022-05-29T17:24:25.716Z] > git ls-files --stage -- /home/ever/Desktop/dev/apps/support-decisions/resources/dashboard/dashboard.js [2ms]
[2022-05-29T17:52:55.939Z] > git ls-files --stage -- /home/ever/Desktop/dev/apps/support-decisions/app.json [2ms]
[2022-05-29T17:52:55.948Z] > git show --textconv :app.json [18ms]
[2022-05-29T17:52:55.948Z] > git cat-file -s 585ffbec9008d5dc4949080a83f494a3b15ac632 [1ms]
[2022-05-29T18:08:30.679Z] > git show --textconv :resources/decisions/decisions.js [17ms]
[2022-05-29T18:08:30.679Z] > git ls-files --stage -- /home/ever/Desktop/dev/apps/support-decisions/resources/decisions/decisions.js [8ms]
[2022-05-29T18:08:31.554Z] > git show --textconv :resources/dashboard/dashboard.js [8ms]
[2022-05-29T18:08:31.554Z] > git ls-files --stage -- /home/ever/Desktop/dev/apps/support-decisions/resources/dashboard/dashboard.js [1ms]
[2022-05-29T18:26:45.354Z] > git show --textconv :app.json [7ms]
[2022-05-29T18:26:45.354Z] > git ls-files --stage -- /home/ever/Desktop/dev/apps/support-decisions/app.json [1ms]
[2022-05-29T18:26:45.363Z] > git cat-file -s 585ffbec9008d5dc4949080a83f494a3b15ac632 [1ms]
[2022-05-29T18:29:20.658Z] > git show --textconv :resources/dashboard/dashboard.js [7ms]
[2022-05-29T18:29:20.658Z] > git ls-files --stage -- /home/ever/Desktop/dev/apps/support-decisions/resources/dashboard/dashboard.js [1ms]
[2022-05-29T18:50:25.778Z] > git show --textconv :app.json [32ms]
[2022-05-29T18:50:25.780Z] > git ls-files --stage -- /home/ever/Desktop/dev/apps/support-decisions/app.json [26ms]
[2022-05-29T18:50:25.791Z] > git cat-file -s 585ffbec9008d5dc4949080a83f494a3b15ac632 [1ms]
[2022-05-29T18:55:08.439Z] > git show --textconv :App.js [8ms]
[2022-05-29T18:55:08.440Z] > git ls-files --stage -- /home/ever/Desktop/dev/apps/support-decisions/App.js [2ms]
[2022-05-29T18:55:08.450Z] > git cat-file -s 09f879b827723c4435efb850d1508024272bd2fd [1ms]
[2022-05-29T18:57:11.558Z] > git show --textconv :resources/decisions/decisions.js [12ms]
[2022-05-29T18:57:11.559Z] > git ls-files --stage -- /home/ever/Desktop/dev/apps/support-decisions/resources/decisions/decisions.js [1ms]
[2022-05-29T18:57:12.415Z] > git show --textconv :resources/dashboard/dashboard.js [8ms]
[2022-05-29T18:57:12.415Z] > git ls-files --stage -- /home/ever/Desktop/dev/apps/support-decisions/resources/dashboard/dashboard.js [1ms]
[2022-05-29T18:57:38.855Z] > git show --textconv :AppComponents.js [10ms]
[2022-05-29T18:57:38.855Z] > git ls-files --stage -- /home/ever/Desktop/dev/apps/support-decisions/AppComponents.js [1ms]
[2022-05-29T19:26:15.874Z] > git show --textconv :resources/dashboard/dashboard.js [7ms]
[2022-05-29T19:26:15.876Z] > git ls-files --stage -- /home/ever/Desktop/dev/apps/support-decisions/resources/dashboard/dashboard.js [3ms]
[2022-05-29T19:28:48.005Z] > git show --textconv :AppComponents.js [8ms]
[2022-05-29T19:28:48.006Z] > git ls-files --stage -- /home/ever/Desktop/dev/apps/support-decisions/AppComponents.js [2ms]
[2022-05-29T19:29:12.605Z] > git show --textconv :resources/dashboard/dashboard.js [7ms]
[2022-05-29T19:29:12.606Z] > git ls-files --stage -- /home/ever/Desktop/dev/apps/support-decisions/resources/dashboard/dashboard.js [1ms]
[2022-05-29T19:32:35.653Z] > git show --textconv :AppComponents.js [10ms]
[2022-05-29T19:32:35.654Z] > git ls-files --stage -- /home/ever/Desktop/dev/apps/support-decisions/AppComponents.js [1ms]
[2022-05-29T19:32:41.561Z] > git show --textconv :AppComponents.js [9ms]
[2022-05-29T19:32:41.561Z] > git ls-files --stage -- /home/ever/Desktop/dev/apps/support-decisions/AppComponents.js [1ms]
