[2022-05-29T16:57:54.541Z] Validating found git in: git
[2022-05-29T16:57:54.598Z] Using git 2.25.1 from git
[2022-05-29T16:57:54.663Z] > git rev-parse --show-toplevel [51ms]
[2022-05-29T16:57:54.678Z] > git rev-parse --git-dir --git-common-dir [5ms]
[2022-05-29T16:57:54.680Z] Open repository: /home/ever/Desktop/dev/apps/inwork
[2022-05-29T16:57:54.743Z] > git status -z -uall [53ms]
[2022-05-29T16:57:54.777Z] > git symbolic-ref --short HEAD [23ms]
[2022-05-29T16:57:54.790Z] > git for-each-ref --format=%(refname)%00%(upstream:short)%00%(objectname)%00%(upstream:track)%00%(upstream:remotename)%00%(upstream:remoteref) refs/heads/master refs/remotes/master [3ms]
[2022-05-29T16:57:54.810Z] > git for-each-ref --sort -committerdate --format %(refname) %(objectname) %(*objectname) [9ms]
[2022-05-29T16:57:54.811Z] > git remote --verbose [2ms]
[2022-05-29T16:57:54.845Z] > git config --get commit.template [2ms]
[2022-05-29T16:57:55.447Z] > git check-ignore -v -z --stdin [6ms]
[2022-05-29T16:57:55.532Z] > git show --textconv :clientside/src/dashboard/dashboard.js [13ms]
[2022-05-29T16:57:55.533Z] > git ls-files --stage -- /home/ever/Desktop/dev/apps/inwork/clientside/src/dashboard/dashboard.js [2ms]
[2022-05-29T16:57:55.544Z] > git cat-file -s c4c67b3c37003f56c76e212cc922a766649420cb [2ms]
[2022-05-29T16:57:59.333Z] > git show --textconv :clientside/src/signin/signinComponents.js [10ms]
[2022-05-29T16:57:59.334Z] > git ls-files --stage -- /home/ever/Desktop/dev/apps/inwork/clientside/src/signin/signinComponents.js [2ms]
[2022-05-29T16:57:59.343Z] > git cat-file -s 60f1cd41db92a9ce6636b303facb368d8ae9479f [1ms]
[2022-05-29T16:57:59.660Z] > git check-ignore -v -z --stdin [1ms]
[2022-05-29T16:58:14.596Z] > git show --textconv :clientside/mainStack.js [9ms]
[2022-05-29T16:58:14.597Z] > git ls-files --stage -- /home/ever/Desktop/dev/apps/inwork/clientside/mainStack.js [1ms]
[2022-05-29T16:58:14.605Z] > git cat-file -s 9bd9ba36117f65de55e1b5b142f7449d1e0eae58 [1ms]
[2022-05-29T17:12:37.429Z] > git show --textconv :clientside/stacknavigator/homeStack.js [7ms]
[2022-05-29T17:12:37.431Z] > git ls-files --stage -- /home/ever/Desktop/dev/apps/inwork/clientside/stacknavigator/homeStack.js [3ms]
[2022-05-29T17:14:26.893Z] > git show --textconv :clientside/mainStack.js [7ms]
[2022-05-29T17:14:26.894Z] > git ls-files --stage -- /home/ever/Desktop/dev/apps/inwork/clientside/mainStack.js [2ms]
[2022-05-29T17:14:26.902Z] > git cat-file -s 9bd9ba36117f65de55e1b5b142f7449d1e0eae58 [1ms]
[2022-05-29T17:14:32.024Z] > git show --textconv :clientside/App.js [7ms]
[2022-05-29T17:14:32.025Z] > git ls-files --stage -- /home/ever/Desktop/dev/apps/inwork/clientside/App.js [1ms]
[2022-05-29T17:14:32.034Z] > git cat-file -s de80329aa77395dca2afa1c3ca6f4dc368f7865a [2ms]
[2022-05-29T17:14:38.734Z] > git show --textconv :clientside/mainStack.js [8ms]
[2022-05-29T17:14:38.735Z] > git ls-files --stage -- /home/ever/Desktop/dev/apps/inwork/clientside/mainStack.js [1ms]
[2022-05-29T17:14:38.742Z] > git cat-file -s 9bd9ba36117f65de55e1b5b142f7449d1e0eae58 [1ms]
[2022-05-29T17:14:50.077Z] > git show --textconv :clientside/App.js [9ms]
[2022-05-29T17:14:50.077Z] > git ls-files --stage -- /home/ever/Desktop/dev/apps/inwork/clientside/App.js [1ms]
[2022-05-29T17:14:50.087Z] > git cat-file -s de80329aa77395dca2afa1c3ca6f4dc368f7865a [2ms]
[2022-05-29T19:21:41.490Z] > git show --textconv :clientside/src/account/account.js [83ms]
[2022-05-29T19:21:41.493Z] > git ls-files --stage -- /home/ever/Desktop/dev/apps/inwork/clientside/src/account/account.js [79ms]
[2022-05-29T19:21:59.480Z] > git show --textconv :clientside/src/account/accountComponents.js [5ms]
[2022-05-29T19:21:59.481Z] > git ls-files --stage -- /home/ever/Desktop/dev/apps/inwork/clientside/src/account/accountComponents.js [1ms]
