[2022-05-29T14:58:07.261Z] Validating found git in: git
[2022-05-29T14:58:07.334Z] Using git  from git
[2022-05-29T14:58:07.432Z] > git rev-parse --show-toplevel [75ms]
[2022-05-29T14:58:07.496Z] > git rev-parse --git-dir --git-common-dir [51ms]
[2022-05-29T14:58:07.499Z] Open repository: /home/ever/Desktop/dev/apps/support-decisions
[2022-05-29T14:58:07.533Z] > git status -z -uall [18ms]
[2022-05-29T14:58:07.572Z] > git symbolic-ref --short HEAD [29ms]
[2022-05-29T14:58:07.609Z] > git for-each-ref --format=%(refname)%00%(upstream:short)%00%(objectname)%00%(upstream:track)%00%(upstream:remotename)%00%(upstream:remoteref) refs/heads/master refs/remotes/master [24ms]
[2022-05-29T14:58:07.697Z] > git for-each-ref --sort -committerdate --format %(refname) %(objectname) %(*objectname) [66ms]
[2022-05-29T14:58:07.720Z] > git remote --verbose [74ms]
[2022-05-29T14:58:07.896Z] > git config --get commit.template [163ms]
[2022-05-29T14:58:08.127Z] > git check-ignore -v -z --stdin [21ms]
[2022-05-29T14:58:08.264Z] > git show --textconv :App.js [62ms]
[2022-05-29T14:58:08.265Z] > git show --textconv :AppComponents.js [42ms]
[2022-05-29T14:58:08.265Z] > git ls-files --stage -- /home/ever/Desktop/dev/apps/support-decisions/App.js [25ms]
[2022-05-29T14:58:08.290Z] > git ls-files --stage -- /home/ever/Desktop/dev/apps/support-decisions/AppComponents.js [35ms]
[2022-05-29T14:58:08.294Z] > git cat-file -s 09f879b827723c4435efb850d1508024272bd2fd [8ms]
[2022-05-29T15:00:12.855Z] > git show --textconv :app.json [6ms]
[2022-05-29T15:00:12.855Z] > git ls-files --stage -- /home/ever/Desktop/dev/apps/support-decisions/app.json [1ms]
[2022-05-29T15:00:12.863Z] > git cat-file -s 585ffbec9008d5dc4949080a83f494a3b15ac632 [1ms]
[2022-05-29T15:00:21.441Z] > git show --textconv :AppComponents.js [8ms]
[2022-05-29T15:00:21.441Z] > git ls-files --stage -- /home/ever/Desktop/dev/apps/support-decisions/AppComponents.js [1ms]
[2022-05-29T15:00:22.835Z] > git show --textconv :app.json [6ms]
[2022-05-29T15:00:22.836Z] > git ls-files --stage -- /home/ever/Desktop/dev/apps/support-decisions/app.json [1ms]
[2022-05-29T15:00:22.845Z] > git cat-file -s 585ffbec9008d5dc4949080a83f494a3b15ac632 [1ms]
[2022-05-29T15:00:45.728Z] > git show --textconv :AppComponents.js [7ms]
[2022-05-29T15:00:45.729Z] > git ls-files --stage -- /home/ever/Desktop/dev/apps/support-decisions/AppComponents.js [1ms]
[2022-05-29T15:06:04.385Z] > git show --textconv :app.json [6ms]
[2022-05-29T15:06:04.386Z] > git ls-files --stage -- /home/ever/Desktop/dev/apps/support-decisions/app.json [2ms]
[2022-05-29T15:06:04.394Z] > git cat-file -s 585ffbec9008d5dc4949080a83f494a3b15ac632 [1ms]
[2022-05-29T15:11:21.400Z] > git check-ignore -v -z --stdin [1ms]
[2022-05-29T15:19:46.911Z] > git check-ignore -v -z --stdin [2ms]
[2022-05-29T15:25:33.252Z] > git check-ignore -v -z --stdin [1ms]
[2022-05-29T15:25:34.917Z] > git check-ignore -v -z --stdin [0ms]
[2022-05-29T15:28:22.481Z] > git check-ignore -v -z --stdin [14ms]
[2022-05-29T15:29:21.513Z] > git check-ignore -v -z --stdin [2ms]
[2022-05-29T15:38:33.640Z] > git check-ignore -v -z --stdin [2ms]
[2022-05-29T15:38:37.344Z] > git check-ignore -v -z --stdin [1ms]
[2022-05-29T15:39:36.951Z] > git check-ignore -v -z --stdin [1ms]
[2022-05-29T15:40:09.464Z] > git check-ignore -v -z --stdin [2ms]
[2022-05-29T15:40:37.637Z] > git check-ignore -v -z --stdin [1ms]
[2022-05-29T15:40:42.567Z] > git check-ignore -v -z --stdin [0ms]
[2022-05-29T15:40:47.369Z] > git check-ignore -v -z --stdin [0ms]
[2022-05-29T15:40:56.078Z] > git check-ignore -v -z --stdin [1ms]
[2022-05-29T15:47:01.267Z] > git check-ignore -v -z --stdin [1ms]
[2022-05-29T15:48:04.196Z] > git check-ignore -v -z --stdin [1ms]
[2022-05-29T16:01:29.655Z] > git check-ignore -v -z --stdin [14ms]
[2022-05-29T16:01:38.587Z] > git check-ignore -v -z --stdin [0ms]
[2022-05-29T16:04:09.174Z] > git check-ignore -v -z --stdin [1ms]
[2022-05-29T16:05:27.267Z] > git check-ignore -v -z --stdin [1ms]
[2022-05-29T16:21:32.762Z] > git check-ignore -v -z --stdin [2ms]
[2022-05-29T16:22:32.691Z] > git check-ignore -v -z --stdin [1ms]
[2022-05-29T16:23:36.305Z] > git check-ignore -v -z --stdin [1ms]
[2022-05-29T16:34:22.393Z] > git check-ignore -v -z --stdin [1ms]
[2022-05-29T16:36:45.052Z] > git check-ignore -v -z --stdin [1ms]
[2022-05-29T16:38:39.217Z] > git check-ignore -v -z --stdin [1ms]
