[2022-06-05 23:33:04.347] [exthost] [info] Extension host with pid 305265 started
[2022-06-05 23:33:04.347] [exthost] [info] Skipping acquiring lock for /home/ever/.config/Code/User/workspaceStorage/5f4eef60da1eab5e1ad46a7fa6a90b6c.
[2022-06-05 23:33:04.451] [exthost] [info] ExtensionService#_doActivateExtension vscode.configuration-editing, startup: false, activationEvent: 'onLanguage:jsonc'
[2022-06-05 23:33:04.456] [exthost] [info] ExtensionService#_doActivateExtension vscode.json-language-features, startup: false, activationEvent: 'onLanguage:jsonc'
[2022-06-05 23:33:04.472] [exthost] [info] ExtensionService#_doActivateExtension vscode.typescript-language-features, startup: false, activationEvent: 'onLanguage:jsonc'
[2022-06-05 23:33:04.480] [exthost] [info] ExtensionService#_doActivateExtension vscode.microsoft-authentication, startup: false, activationEvent: 'onAuthenticationRequest:microsoft'
[2022-06-05 23:33:04.495] [exthost] [info] ExtensionService#_doActivateExtension vscode.debug-auto-launch, startup: true, activationEvent: '*'
[2022-06-05 23:33:04.497] [exthost] [info] ExtensionService#_doActivateExtension vscode.git-base, startup: true, activationEvent: '*', root cause: vscode.git
[2022-06-05 23:33:04.500] [exthost] [info] ExtensionService#_doActivateExtension vscode.ipynb, startup: true, activationEvent: '*'
[2022-06-05 23:33:04.505] [exthost] [info] ExtensionService#_doActivateExtension AiryShift.spaces-inside-braces, startup: true, activationEvent: '*'
[2022-06-05 23:33:04.508] [exthost] [info] ExtensionService#_doActivateExtension christian-kohler.path-intellisense, startup: true, activationEvent: '*'
[2022-06-05 23:33:04.530] [exthost] [info] ExtensionService#_doActivateExtension formulahendry.auto-close-tag, startup: true, activationEvent: '*'
[2022-06-05 23:33:04.533] [exthost] [info] ExtensionService#_doActivateExtension formulahendry.auto-rename-tag, startup: true, activationEvent: '*'
[2022-06-05 23:33:04.544] [exthost] [info] ExtensionService#_doActivateExtension naumovs.color-highlight, startup: true, activationEvent: '*'
[2022-06-05 23:33:04.548] [exthost] [info] ExtensionService#_doActivateExtension nowsci.glassit-linux, startup: true, activationEvent: '*'
[2022-06-05 23:33:04.549] [exthost] [info] ExtensionService#_doActivateExtension sporiley.css-auto-prefix, startup: true, activationEvent: '*'
[2022-06-05 23:33:04.550] [exthost] [info] ExtensionService#_doActivateExtension TabNine.tabnine-vscode, startup: true, activationEvent: '*'
[2022-06-05 23:33:04.608] [exthost] [info] ExtensionService#_doActivateExtension vscodevim.vim, startup: true, activationEvent: '*'
[2022-06-05 23:33:04.657] [exthost] [info] ExtensionService#_doActivateExtension wayou.vscode-todo-highlight, startup: true, activationEvent: '*'
[2022-06-05 23:33:04.659] [exthost] [info] ExtensionService#_doActivateExtension Zignd.html-css-class-completion, startup: true, activationEvent: '*'
[2022-06-05 23:33:04.724] [exthost] [info] ExtensionService#_doActivateExtension vscode.npm, startup: true, activationEvent: 'workspaceContains:package.json'
[2022-06-05 23:33:04.891] [exthost] [info] ExtensionService#_doActivateExtension vscode.git, startup: true, activationEvent: '*'
[2022-06-05 23:33:04.907] [exthost] [info] ExtensionService#_doActivateExtension vscode.github, startup: true, activationEvent: '*'
[2022-06-05 23:33:05.222] [exthost] [info] Eager extensions activated
[2022-06-05 23:33:05.844] [exthost] [info] ExtensionService#_doActivateExtension vscode.github-authentication, startup: false, activationEvent: 'onAuthenticationRequest:github'
[2022-06-05 23:33:05.853] [exthost] [info] ExtensionService#_doActivateExtension vscode.emmet, startup: false, activationEvent: 'onStartupFinished'
[2022-06-05 23:33:05.857] [exthost] [info] ExtensionService#_doActivateExtension vscode.merge-conflict, startup: false, activationEvent: 'onStartupFinished'
[2022-06-05 23:33:05.858] [exthost] [info] ExtensionService#_doActivateExtension dbaeumer.vscode-eslint, startup: false, activationEvent: 'onStartupFinished'
[2022-06-05 23:33:05.868] [exthost] [info] ExtensionService#_doActivateExtension dsznajder.es7-react-js-snippets, startup: false, activationEvent: 'onStartupFinished'
[2022-06-05 23:33:06.018] [exthost] [info] ExtensionService#_doActivateExtension equinusocio.vsc-material-theme-icons, startup: false, activationEvent: 'onStartupFinished'
[2022-06-05 23:33:06.038] [exthost] [info] ExtensionService#_doActivateExtension esbenp.prettier-vscode, startup: false, activationEvent: 'onStartupFinished'
[2022-06-05 23:33:20.783] [exthost] [info] Extension host terminating: renderer closed the socket
[2022-06-05 23:33:21.132] [exthost] [error] TypeError: r.some is not a function
    at Function.saveToDisk (/home/ever/.vscode/extensions/vscodevim.vim-1.22.2/src/register/register.ts:350:30)
    at Object.e.deactivate (/home/ever/.vscode/extensions/vscodevim.vim-1.22.2/extension.ts:65:18)
    at m._deactivate (/snap/code/97/usr/share/code/resources/app/out/vs/workbench/api/node/extensionHostProcess.js:88:13083)
    at /snap/code/97/usr/share/code/resources/app/out/vs/workbench/api/node/extensionHostProcess.js:88:10642
    at Array.map (<anonymous>)
    at m._deactivateAll (/snap/code/97/usr/share/code/resources/app/out/vs/workbench/api/node/extensionHostProcess.js:88:10630)
    at m.terminate (/snap/code/97/usr/share/code/resources/app/out/vs/workbench/api/node/extensionHostProcess.js:88:11010)
    at m.terminate (/snap/code/97/usr/share/code/resources/app/out/vs/workbench/api/node/extensionHostProcess.js:92:620)
    at l (/snap/code/97/usr/share/code/resources/app/out/vs/workbench/api/node/extensionHostProcess.js:102:36401)
    at Socket.<anonymous> (/snap/code/97/usr/share/code/resources/app/out/vs/workbench/api/node/extensionHostProcess.js:102:34097)
    at Socket.emit (node:events:402:35)
    at Pipe.<anonymous> (node:net:687:12)
[2022-06-05 23:33:21.183] [exthost] [info] Extension host with pid 305265 exiting with code 0
